  game_code.cpp
c:\users\aidan\source\repos\sfml-1\sfml-1\map.h(46): warning C4244: аргумент: преобразование "time_t" в "unsigned int", возможна потеря данных
c:\users\aidan\source\repos\sfml-1\sfml-1\game_code.cpp(70): warning C4244: инициализация: преобразование "float" в "int", возможна потеря данных
c:\users\aidan\source\repos\sfml-1\sfml-1\game_code.cpp(72): warning C4244: инициализация: преобразование "float" в "int", возможна потеря данных
c:\users\aidan\source\repos\sfml-1\sfml-1\game_code.cpp(78): warning C4244: =: преобразование "int" в "float", возможна потеря данных
c:\users\aidan\source\repos\sfml-1\sfml-1\game_code.cpp(82): warning C4244: =: преобразование "int" в "float", возможна потеря данных
c:\users\aidan\source\repos\sfml-1\sfml-1\game_code.cpp(86): warning C4244: =: преобразование "int" в "float", возможна потеря данных
c:\users\aidan\source\repos\sfml-1\sfml-1\game_code.cpp(90): warning C4244: =: преобразование "int" в "float", возможна потеря данных
c:\users\aidan\source\repos\sfml-1\sfml-1\game_code.cpp(110): warning C4305: =: усечение из "double" в "float"
c:\users\aidan\source\repos\sfml-1\sfml-1\game_code.cpp(115): warning C4305: =: усечение из "double" в "float"
c:\users\aidan\source\repos\sfml-1\sfml-1\game_code.cpp(120): warning C4305: =: усечение из "double" в "float"
c:\users\aidan\source\repos\sfml-1\sfml-1\game_code.cpp(125): warning C4305: =: усечение из "double" в "float"
c:\users\aidan\source\repos\sfml-1\sfml-1\game_code.cpp(131): warning C4244: +=: преобразование "double" в "float", возможна потеря данных
c:\users\aidan\source\repos\sfml-1\sfml-1\game_code.cpp(167): warning C4305: =: усечение из "double" в "float"
c:\users\aidan\source\repos\sfml-1\sfml-1\game_code.cpp(171): warning C4244: инициализация: преобразование "float" в "int", возможна потеря данных
c:\users\aidan\source\repos\sfml-1\sfml-1\game_code.cpp(172): warning C4244: инициализация: преобразование "float" в "int", возможна потеря данных
c:\users\aidan\source\repos\sfml-1\sfml-1\game_code.cpp(178): warning C4244: =: преобразование "int" в "float", возможна потеря данных
c:\users\aidan\source\repos\sfml-1\sfml-1\game_code.cpp(182): warning C4244: =: преобразование "int" в "float", возможна потеря данных
c:\users\aidan\source\repos\sfml-1\sfml-1\game_code.cpp(186): warning C4244: =: преобразование "int" в "float", возможна потеря данных
c:\users\aidan\source\repos\sfml-1\sfml-1\game_code.cpp(190): warning C4244: =: преобразование "int" в "float", возможна потеря данных
c:\users\aidan\source\repos\sfml-1\sfml-1\game_code.cpp(213): warning C4244: +=: преобразование "double" в "float", возможна потеря данных
c:\users\aidan\source\repos\sfml-1\sfml-1\game_code.cpp(262): warning C4244: инициализация: преобразование "sf::Int64" в "float", возможна потеря данных
c:\users\aidan\source\repos\sfml-1\sfml-1\game_code.cpp(280): warning C4244: аргумент: преобразование "int" в "float", возможна потеря данных
c:\users\aidan\source\repos\sfml-1\sfml-1\game_code.cpp(290): warning C4244: =: преобразование "float" в "int", возможна потеря данных
c:\users\aidan\source\repos\sfml-1\sfml-1\game_code.cpp(240): warning C4996: 'sf::Text::setColor': объявлен deprecate
  c:\users\aidan\desktop\sfml\include\sfml\graphics\text.hpp(177): note:  см. объявление "sf::Text::setColor"
  Создание кода
  1 of 593 functions ( 0.2%) were compiled, the rest were copied from previous compilation.
    0 functions were new in current compilation
    6 functions had inline decision re-evaluated but remain unchanged
  Создание кода завершено
  SFML-1.vcxproj -> C:\Users\Aidan\source\repos\SFML-1\Release\SFML-1.exe
